#
# A fatal error has been detected by the Java Runtime Environment:
#
#  EXCEPTION_ACCESS_VIOLATION (0xc0000005) at pc=0x00007ffb081bf78b, pid=968, tid=0x0000000000004958
#
# JRE version: OpenJDK Runtime Environment (8.0_412-b08) (build 1.8.0_412-b08)
# Java VM: OpenJDK 64-Bit Server VM (25.412-b08 mixed mode windows-amd64 compressed oops)
# Problematic frame:
# C  [ig12icd64.dll+0x9f78b]
#
# Failed to write core dump. Minidumps are not enabled by default on client versions of Windows
#
# If you would like to submit a bug report, please visit:
#   https://github.com/adoptium/adoptium-support/issues
#

---------------  T H R E A D  ---------------

Current thread (0x000002237905b800):  VMThread [stack: 0x00000035b8d00000,0x00000035b8e00000] [id=18776]

siginfo: ExceptionCode=0xc0000005, reading address 0x00000000000353c8

Registers:
RAX=0x000002237e2f53f0, RBX=0x000002237c11c140, RCX=0x0000000000000000, RDX=0x000002237e2f53f0
RSP=0x00000035b8dfdfd0, RBP=0x00000035b8dfe0d0, RSI=0x000002237e2f5838, RDI=0x000002237c505b10
R8 =0x0000000000000000, R9 =0x0000000000000000, R10=0x0000000000000000, R11=0x0000000000000246
R12=0x000002237e2f5320, R13=0x0000000000000000, R14=0x000002237e2f5320, R15=0x0000000000000000
RIP=0x00007ffb081bf78b, EFLAGS=0x0000000000010206

Top of Stack: (sp=0x00000035b8dfdfd0)
0x00000035b8dfdfd0:   000002237c11c140 0000000000000000
0x00000035b8dfdfe0:   0000000000000000 0000000000000000
0x00000035b8dfdff0:   0000001606000000 c046023a2e3c0267
0x00000035b8dfe000:   0000000000000000 000002237e2f5e40
0x00000035b8dfe010:   616402e6835602e9 006f02e4656402de
0x00000035b8dfe020:   000002237c11c140 627b02c1867802a4
0x00000035b8dfe030:   4a8002ab517d02ce 288b02b522840271
0x00000035b8dfe040:   eb9f02932f920294 a9a402de64a002d4
0x00000035b8dfe050:   04ab02ce9faa02b9 c7b502dd51af02ba
0x00000035b8dfe060:   31bf02e4a9bb02bf d9e102cf1dd102f8
0x00000035b8dfe070:   d2ea0221b3e802f5 91fe02bad6ef02e9
0x00000035b8dfe080:   00000140000a02c1 028f356300b4114b
0x00000035b8dfe090:   02005d8a00902c68 02c9a79f0278d798
0x00000035b8dfe0a0:   01e099ce00cfada5 00eda3f4012864f3
0x00000035b8dfe0b0:   d137000001410002 000102d533d901d3
0x00000035b8dfe0c0:   0288812b00000142 ecc0000001430002 

Instructions: (pc=0x00007ffb081bf78b)
0x00007ffb081bf76b:   00 83 f9 10 0f 83 cd 07 00 00 8b c1 48 c1 e0 06
0x00007ffb081bf77b:   48 03 c2 48 85 c0 0f 84 2f 08 00 00 4c 8b 40 08
0x00007ffb081bf78b:   4d 3b 85 c8 53 03 00 0f 87 ac 0e 00 00 49 83 be
0x00007ffb081bf79b:   70 05 00 00 00 0f 85 35 ee 88 00 44 8b 8f d0 01 


Register to memory mapping:

RAX=0x000002237e2f53f0 is an unknown value
RBX=0x000002237c11c140 is an unknown value
RCX=0x0000000000000000 is an unknown value
RDX=0x000002237e2f53f0 is an unknown value
RSP=0x00000035b8dfdfd0 is an unknown value
RBP=0x00000035b8dfe0d0 is an unknown value
RSI=0x000002237e2f5838 is an unknown value
RDI=0x000002237c505b10 is an unknown value
R8 =0x0000000000000000 is an unknown value
R9 =0x0000000000000000 is an unknown value
R10=0x0000000000000000 is an unknown value
R11=0x0000000000000246 is an unknown value
R12=0x000002237e2f5320 is an unknown value
R13=0x0000000000000000 is an unknown value
R14=0x000002237e2f5320 is an unknown value
R15=0x0000000000000000 is an unknown value


Stack: [0x00000035b8d00000,0x00000035b8e00000],  sp=0x00000035b8dfdfd0,  free space=1015k
Native frames: (J=compiled Java code, j=interpreted, Vv=VM code, C=native code)
C  [ig12icd64.dll+0x9f78b]
C  [ig12icd64.dll+0x96e5b]
C  [ig12icd64.dll+0x9413c]
C  [ig12icd64.dll+0x1b4394]
C  [ig12icd64.dll+0xc38c1]
C  [ig12icd64.dll+0x949b57]
C  [ig12icd64.dll+0xbbd3d]
C  [ig12icd64.dll+0xbbb74]
C  [ig12icd64.dll+0x72302b]
C  [ntdll.dll+0x28b7f]
C  [ntdll.dll+0x51586]
C  [ntdll.dll+0x5117d]
C  [KERNEL32.DLL+0x17fab]
C  [ucrtbase.dll+0x1bed8]
C  [ucrtbase.dll+0x1c099]
V  [jvm.dll+0x1e8ed5]
V  [jvm.dll+0x224616]
V  [jvm.dll+0x224bb4]
V  [jvm.dll+0x223174]
V  [jvm.dll+0x22394f]
V  [jvm.dll+0x223c54]
V  [jvm.dll+0x26d4fc]
C  [ucrtbase.dll+0x29333]
C  [KERNEL32.DLL+0x1257d]
C  [ntdll.dll+0x5af28]

VM_Operation (0x00000035b84fec00): Exit, mode: safepoint, requested by thread 0x000002236309b000


---------------  P R O C E S S  ---------------

Java Threads: ( => current thread )
  0x000002237e073800 JavaThread "LWJGL Timer" daemon [_thread_blocked, id=13348, stack(0x00000035ba200000,0x00000035ba300000)]
  0x000002237c018800 JavaThread "com.google.inject.internal.util.$Finalizer" daemon [_thread_blocked, id=1060, stack(0x00000035b9900000,0x00000035b9a00000)]
  0x000002237be84800 JavaThread "EMF Reference Cleaner" daemon [_thread_blocked, id=16224, stack(0x00000035b9800000,0x00000035b9900000)]
  0x000002237af52800 JavaThread "Service Thread" daemon [_thread_blocked, id=11784, stack(0x00000035b9600000,0x00000035b9700000)]
  0x00000223790dd000 JavaThread "C1 CompilerThread3" daemon [_thread_blocked, id=17768, stack(0x00000035b9500000,0x00000035b9600000)]
  0x00000223790d2000 JavaThread "C2 CompilerThread2" daemon [_thread_blocked, id=13760, stack(0x00000035b9400000,0x00000035b9500000)]
  0x00000223790c8800 JavaThread "C2 CompilerThread1" daemon [_thread_blocked, id=8240, stack(0x00000035b9300000,0x00000035b9400000)]
  0x00000223790cc800 JavaThread "C2 CompilerThread0" daemon [_thread_blocked, id=18152, stack(0x00000035b9200000,0x00000035b9300000)]
  0x00000223790c1800 JavaThread "Attach Listener" daemon [_thread_blocked, id=12084, stack(0x00000035b9100000,0x00000035b9200000)]
  0x00000223790bf000 JavaThread "Signal Dispatcher" daemon [_thread_blocked, id=19268, stack(0x00000035b9000000,0x00000035b9100000)]
  0x000002237908d800 JavaThread "Finalizer" daemon [_thread_blocked, id=16432, stack(0x00000035b8f00000,0x00000035b9000000)]
  0x0000022379085800 JavaThread "Reference Handler" daemon [_thread_blocked, id=7248, stack(0x00000035b8e00000,0x00000035b8f00000)]
  0x000002236309b000 JavaThread "main" [_thread_blocked, id=17880, stack(0x00000035b8400000,0x00000035b8500000)]

Other Threads:
=>0x000002237905b800 VMThread [stack: 0x00000035b8d00000,0x00000035b8e00000] [id=18776]

VM state:at safepoint (shutting down)

VM Mutex/Monitor currently owned by a thread:  ([mutex/lock_event])
[0x0000022363095880] Threads_lock - owner thread: 0x000002237905b800

heap address: 0x0000000084000000, size: 1984 MB, Compressed Oops mode: 32-bit
Narrow klass base: 0x0000000000000000, Narrow klass shift: 3
Compressed class space size: 1073741824 Address: 0x0000000100000000

Heap:
 PSYoungGen      total 132096K, used 47572K [0x00000000d6b00000, 0x00000000df100000, 0x0000000100000000)
  eden space 126976K, 37% used [0x00000000d6b00000,0x00000000d9975068,0x00000000de700000)
  from space 5120K, 0% used [0x00000000dec00000,0x00000000dec00000,0x00000000df100000)
  to   space 5120K, 0% used [0x00000000de700000,0x00000000de700000,0x00000000dec00000)
 ParOldGen       total 80896K, used 17699K [0x0000000084000000, 0x0000000088f00000, 0x00000000d6b00000)
  object space 80896K, 21% used [0x0000000084000000,0x0000000085148d20,0x0000000088f00000)
 Metaspace       used 24340K, capacity 24679K, committed 24832K, reserved 1071104K
  class space    used 2928K, capacity 3030K, committed 3072K, reserved 1048576K

Card table byte_map: [0x0000022373d90000,0x0000022374180000] byte_map_base: 0x0000022373970000

Marking Bits: (ParMarkBitMap*) 0x000000006caa0830
 Begin Bits: [0x0000022374420000, 0x0000022376320000)
 End Bits:   [0x0000022376320000, 0x0000022378220000)

Polling page: 0x00000223631f0000

CodeCache: size=245760Kb used=11917Kb max_used=11917Kb free=233842Kb
 bounds [0x00000223649d0000, 0x0000022365590000, 0x00000223739d0000]
 total_blobs=4376 nmethods=3776 adapters=510
 compilation: enabled

Compilation events (10 events):
Event: 5.699 Thread 0x00000223790dd000 3775       3       java.nio.ByteBuffer::hasArray (20 bytes)
Event: 5.699 Thread 0x00000223790dd000 nmethod 3775 0x0000022365571510 code [0x0000022365571660, 0x0000022365571858]
Event: 5.699 Thread 0x00000223790dd000 3779       3       sun.nio.cs.UTF_8::updatePositions (23 bytes)
Event: 5.700 Thread 0x00000223790dd000 nmethod 3779 0x000002236557fd90 code [0x000002236557ff20, 0x0000022365580360]
Event: 5.700 Thread 0x00000223790dd000 3776   !   3       java.nio.CharBuffer::wrap (20 bytes)
Event: 5.700 Thread 0x00000223790dd000 nmethod 3776 0x00000223655804d0 code [0x0000022365580660, 0x0000022365580a40]
Event: 5.700 Thread 0x00000223790dd000 3777       3       java.nio.CharBuffer::array (35 bytes)
Event: 5.700 Thread 0x00000223790dd000 nmethod 3777 0x0000022365570e90 code [0x0000022365571020, 0x0000022365571340]
Event: 5.700 Thread 0x00000223790dd000 3778       3       sun.nio.cs.UTF_8::access$200 (8 bytes)
Event: 5.700 Thread 0x00000223790dd000 nmethod 3778 0x0000022365580cd0 code [0x0000022365580e60, 0x0000022365581300]

GC Heap History (10 events):
Event: 0.366 GC heap before
{Heap before GC invocations=1 (full 0):
 PSYoungGen      total 36864K, used 31744K [0x00000000d6b00000, 0x00000000d9400000, 0x0000000100000000)
  eden space 31744K, 100% used [0x00000000d6b00000,0x00000000d8a00000,0x00000000d8a00000)
  from space 5120K, 0% used [0x00000000d8f00000,0x00000000d8f00000,0x00000000d9400000)
  to   space 5120K, 0% used [0x00000000d8a00000,0x00000000d8a00000,0x00000000d8f00000)
 ParOldGen       total 84992K, used 0K [0x0000000084000000, 0x0000000089300000, 0x00000000d6b00000)
  object space 84992K, 0% used [0x0000000084000000,0x0000000084000000,0x0000000089300000)
 Metaspace       used 7204K, capacity 7386K, committed 7552K, reserved 1056768K
  class space    used 791K, capacity 869K, committed 896K, reserved 1048576K
Event: 0.370 GC heap after
Heap after GC invocations=1 (full 0):
 PSYoungGen      total 36864K, used 5098K [0x00000000d6b00000, 0x00000000db300000, 0x0000000100000000)
  eden space 31744K, 0% used [0x00000000d6b00000,0x00000000d6b00000,0x00000000d8a00000)
  from space 5120K, 99% used [0x00000000d8a00000,0x00000000d8efaa08,0x00000000d8f00000)
  to   space 5120K, 0% used [0x00000000dae00000,0x00000000dae00000,0x00000000db300000)
 ParOldGen       total 84992K, used 3304K [0x0000000084000000, 0x0000000089300000, 0x00000000d6b00000)
  object space 84992K, 3% used [0x0000000084000000,0x000000008433a018,0x0000000089300000)
 Metaspace       used 7204K, capacity 7386K, committed 7552K, reserved 1056768K
  class space    used 791K, capacity 869K, committed 896K, reserved 1048576K
}
Event: 0.571 GC heap before
{Heap before GC invocations=2 (full 0):
 PSYoungGen      total 36864K, used 36842K [0x00000000d6b00000, 0x00000000db300000, 0x0000000100000000)
  eden space 31744K, 100% used [0x00000000d6b00000,0x00000000d8a00000,0x00000000d8a00000)
  from space 5120K, 99% used [0x00000000d8a00000,0x00000000d8efaa08,0x00000000d8f00000)
  to   space 5120K, 0% used [0x00000000dae00000,0x00000000dae00000,0x00000000db300000)
 ParOldGen       total 84992K, used 3304K [0x0000000084000000, 0x0000000089300000, 0x00000000d6b00000)
  object space 84992K, 3% used [0x0000000084000000,0x000000008433a018,0x0000000089300000)
 Metaspace       used 10154K, capacity 10316K, committed 10624K, reserved 1058816K
  class space    used 1213K, capacity 1288K, committed 1408K, reserved 1048576K
Event: 0.576 GC heap after
Heap after GC invocations=2 (full 0):
 PSYoungGen      total 68608K, used 5118K [0x00000000d6b00000, 0x00000000db300000, 0x0000000100000000)
  eden space 63488K, 0% used [0x00000000d6b00000,0x00000000d6b00000,0x00000000da900000)
  from space 5120K, 99% used [0x00000000dae00000,0x00000000db2ff8d0,0x00000000db300000)
  to   space 5120K, 0% used [0x00000000da900000,0x00000000da900000,0x00000000dae00000)
 ParOldGen       total 84992K, used 10616K [0x0000000084000000, 0x0000000089300000, 0x00000000d6b00000)
  object space 84992K, 12% used [0x0000000084000000,0x0000000084a5e328,0x0000000089300000)
 Metaspace       used 10154K, capacity 10316K, committed 10624K, reserved 1058816K
  class space    used 1213K, capacity 1288K, committed 1408K, reserved 1048576K
}
Event: 1.227 GC heap before
{Heap before GC invocations=3 (full 0):
 PSYoungGen      total 68608K, used 68606K [0x00000000d6b00000, 0x00000000db300000, 0x0000000100000000)
  eden space 63488K, 100% used [0x00000000d6b00000,0x00000000da900000,0x00000000da900000)
  from space 5120K, 99% used [0x00000000dae00000,0x00000000db2ff8d0,0x00000000db300000)
  to   space 5120K, 0% used [0x00000000da900000,0x00000000da900000,0x00000000dae00000)
 ParOldGen       total 84992K, used 10616K [0x0000000084000000, 0x0000000089300000, 0x00000000d6b00000)
  object space 84992K, 12% used [0x0000000084000000,0x0000000084a5e328,0x0000000089300000)
 Metaspace       used 16954K, capacity 17134K, committed 17408K, reserved 1064960K
  class space    used 2145K, capacity 2227K, committed 2304K, reserved 1048576K
Event: 1.237 GC heap after
Heap after GC invocations=3 (full 0):
 PSYoungGen      total 68608K, used 5110K [0x00000000d6b00000, 0x00000000df100000, 0x0000000100000000)
  eden space 63488K, 0% used [0x00000000d6b00000,0x00000000d6b00000,0x00000000da900000)
  from space 5120K, 99% used [0x00000000da900000,0x00000000dadfdb68,0x00000000dae00000)
  to   space 5120K, 0% used [0x00000000dec00000,0x00000000dec00000,0x00000000df100000)
 ParOldGen       total 84992K, used 22757K [0x0000000084000000, 0x0000000089300000, 0x00000000d6b00000)
  object space 84992K, 26% used [0x0000000084000000,0x0000000085639580,0x0000000089300000)
 Metaspace       used 16954K, capacity 17134K, committed 17408K, reserved 1064960K
  class space    used 2145K, capacity 2227K, committed 2304K, reserved 1048576K
}
Event: 1.854 GC heap before
{Heap before GC invocations=4 (full 0):
 PSYoungGen      total 68608K, used 51587K [0x00000000d6b00000, 0x00000000df100000, 0x0000000100000000)
  eden space 63488K, 73% used [0x00000000d6b00000,0x00000000d9863280,0x00000000da900000)
  from space 5120K, 99% used [0x00000000da900000,0x00000000dadfdb68,0x00000000dae00000)
  to   space 5120K, 0% used [0x00000000dec00000,0x00000000dec00000,0x00000000df100000)
 ParOldGen       total 84992K, used 22757K [0x0000000084000000, 0x0000000089300000, 0x00000000d6b00000)
  object space 84992K, 26% used [0x0000000084000000,0x0000000085639580,0x0000000089300000)
 Metaspace       used 20898K, capacity 21126K, committed 21248K, reserved 1067008K
  class space    used 2661K, capacity 2737K, committed 2816K, reserved 1048576K
Event: 1.864 GC heap after
Heap after GC invocations=4 (full 0):
 PSYoungGen      total 132096K, used 5109K [0x00000000d6b00000, 0x00000000df100000, 0x0000000100000000)
  eden space 126976K, 0% used [0x00000000d6b00000,0x00000000d6b00000,0x00000000de700000)
  from space 5120K, 99% used [0x00000000dec00000,0x00000000df0fd628,0x00000000df100000)
  to   space 5120K, 0% used [0x00000000de700000,0x00000000de700000,0x00000000dec00000)
 ParOldGen       total 84992K, used 28156K [0x0000000084000000, 0x0000000089300000, 0x00000000d6b00000)
  object space 84992K, 33% used [0x0000000084000000,0x0000000085b7f148,0x0000000089300000)
 Metaspace       used 20898K, capacity 21126K, committed 21248K, reserved 1067008K
  class space    used 2661K, capacity 2737K, committed 2816K, reserved 1048576K
}
Event: 1.864 GC heap before
{Heap before GC invocations=5 (full 1):
 PSYoungGen      total 132096K, used 5109K [0x00000000d6b00000, 0x00000000df100000, 0x0000000100000000)
  eden space 126976K, 0% used [0x00000000d6b00000,0x00000000d6b00000,0x00000000de700000)
  from space 5120K, 99% used [0x00000000dec00000,0x00000000df0fd628,0x00000000df100000)
  to   space 5120K, 0% used [0x00000000de700000,0x00000000de700000,0x00000000dec00000)
 ParOldGen       total 84992K, used 28156K [0x0000000084000000, 0x0000000089300000, 0x00000000d6b00000)
  object space 84992K, 33% used [0x0000000084000000,0x0000000085b7f148,0x0000000089300000)
 Metaspace       used 20898K, capacity 21126K, committed 21248K, reserved 1067008K
  class space    used 2661K, capacity 2737K, committed 2816K, reserved 1048576K
Event: 1.903 GC heap after
Heap after GC invocations=5 (full 1):
 PSYoungGen      total 132096K, used 0K [0x00000000d6b00000, 0x00000000df100000, 0x0000000100000000)
  eden space 126976K, 0% used [0x00000000d6b00000,0x00000000d6b00000,0x00000000de700000)
  from space 5120K, 0% used [0x00000000dec00000,0x00000000dec00000,0x00000000df100000)
  to   space 5120K, 0% used [0x00000000de700000,0x00000000de700000,0x00000000dec00000)
 ParOldGen       total 80896K, used 17699K [0x0000000084000000, 0x0000000088f00000, 0x00000000d6b00000)
  object space 80896K, 21% used [0x0000000084000000,0x0000000085148d20,0x0000000088f00000)
 Metaspace       used 20898K, capacity 21126K, committed 21248K, reserved 1067008K
  class space    used 2661K, capacity 2737K, committed 2816K, reserved 1048576K
}

Deoptimization events (10 events):
Event: 1.968 Thread 0x000002236309b000 Uncommon trap: reason=unstable_if action=reinterpret pc=0x0000022364d0d71c method=java.io.WinNTFileSystem.normalize(Ljava/lang/String;)Ljava/lang/String; @ 49
Event: 1.982 Thread 0x000002236309b000 Uncommon trap: reason=predicate action=maybe_recompile pc=0x0000022364e149d4 method=java.lang.String.regionMatches(ZILjava/lang/String;II)Z @ 63
Event: 2.079 Thread 0x000002236309b000 Uncommon trap: reason=unstable_if action=reinterpret pc=0x0000022364c0b650 method=sun.nio.cs.UTF_8$Encoder.encode([CII[B)I @ 33
Event: 2.561 Thread 0x000002237c713000 Uncommon trap: reason=unstable_if action=reinterpret pc=0x0000022364d4af30 method=java.lang.ThreadLocal$ThreadLocalMap.getEntry(Ljava/lang/ThreadLocal;)Ljava/lang/ThreadLocal$ThreadLocalMap$Entry; @ 29
Event: 2.563 Thread 0x000002237c713000 Uncommon trap: reason=unstable_if action=reinterpret pc=0x00000223653c752c method=java.lang.ThreadLocal$ThreadLocalMap.getEntry(Ljava/lang/ThreadLocal;)Ljava/lang/ThreadLocal$ThreadLocalMap$Entry; @ 29
Event: 2.563 Thread 0x000002237c713000 Uncommon trap: reason=unstable_if action=reinterpret pc=0x0000022364c0aa88 method=java.lang.ThreadLocal$ThreadLocalMap.getEntry(Ljava/lang/ThreadLocal;)Ljava/lang/ThreadLocal$ThreadLocalMap$Entry; @ 29
Event: 2.563 Thread 0x000002237c713000 Uncommon trap: reason=unstable_if action=reinterpret pc=0x0000022364c0e55c method=java.lang.ThreadLocal$ThreadLocalMap.getEntry(Ljava/lang/ThreadLocal;)Ljava/lang/ThreadLocal$ThreadLocalMap$Entry; @ 29
Event: 2.656 Thread 0x000002237c713000 Uncommon trap: reason=unstable_if action=reinterpret pc=0x0000022364fcb09c method=java.lang.Integer.parseInt(Ljava/lang/String;I)I @ 122
Event: 5.654 Thread 0x000002237c713000 Uncommon trap: reason=unstable_if action=reinterpret pc=0x0000022365467994 method=org.uqbar.project.wollok.model.WMethodContainerExtensions.matches(Lorg/uqbar/project/wollok/wollokDsl/WMethodDeclaration;Ljava/lang/String;IZ)Z @ 7
Event: 5.698 Thread 0x000002237c713000 Uncommon trap: reason=unstable_if action=reinterpret pc=0x00000223654dc008 method=java.util.HashMap$HashIterator.<init>(Ljava/util/HashMap;)V @ 45

Classes redefined (0 events):
No events

Internal exceptions (10 events):
Event: 1.774 Thread 0x000002236309b000 Exception <a 'java/lang/reflect/InvocationTargetException'> (0x00000000d9048a90) thrown at [C:\workspace\openjdk-build\workspace\build\src\hotspot\src\share\vm\runtime\reflection.cpp, line 1092]
Event: 1.776 Thread 0x000002236309b000 Exception <a 'java/lang/reflect/InvocationTargetException'> (0x00000000d90838c0) thrown at [C:\workspace\openjdk-build\workspace\build\src\hotspot\src\share\vm\runtime\reflection.cpp, line 1092]
Event: 1.776 Thread 0x000002236309b000 Exception <a 'java/lang/reflect/InvocationTargetException'> (0x00000000d909c3c0) thrown at [C:\workspace\openjdk-build\workspace\build\src\hotspot\src\share\vm\runtime\reflection.cpp, line 1092]
Event: 1.777 Thread 0x000002236309b000 Exception <a 'java/lang/reflect/InvocationTargetException'> (0x00000000d90b7718) thrown at [C:\workspace\openjdk-build\workspace\build\src\hotspot\src\share\vm\runtime\reflection.cpp, line 1092]
Event: 2.098 Thread 0x000002236309b000 Exception <a 'java/security/PrivilegedActionException'> (0x00000000d75f7880) thrown at [C:\workspace\openjdk-build\workspace\build\src\hotspot\src\share\vm\prims\jvm.cpp, line 1514]
Event: 2.098 Thread 0x000002236309b000 Exception <a 'java/security/PrivilegedActionException'> (0x00000000d75f8db0) thrown at [C:\workspace\openjdk-build\workspace\build\src\hotspot\src\share\vm\prims\jvm.cpp, line 1514]
Event: 2.098 Thread 0x000002236309b000 Exception <a 'java/security/PrivilegedActionException'> (0x00000000d75fa1e0) thrown at [C:\workspace\openjdk-build\workspace\build\src\hotspot\src\share\vm\prims\jvm.cpp, line 1514]
Event: 2.098 Thread 0x000002236309b000 Exception <a 'java/security/PrivilegedActionException'> (0x00000000d75fb8a0) thrown at [C:\workspace\openjdk-build\workspace\build\src\hotspot\src\share\vm\prims\jvm.cpp, line 1514]
Event: 2.098 Thread 0x000002236309b000 Exception <a 'java/security/PrivilegedActionException'> (0x00000000d75fcc98) thrown at [C:\workspace\openjdk-build\workspace\build\src\hotspot\src\share\vm\prims\jvm.cpp, line 1514]
Event: 2.098 Thread 0x000002236309b000 Exception <a 'java/security/PrivilegedActionException'> (0x00000000d75fe060) thrown at [C:\workspace\openjdk-build\workspace\build\src\hotspot\src\share\vm\prims\jvm.cpp, line 1514]

Events (10 events):
Event: 5.699 Thread 0x000002237c713000 Thread exited: 0x000002237c713000
Event: 5.699 loading class org/uqbar/project/wollok/interpreter/WollokInterpreter$3
Event: 5.699 loading class org/uqbar/project/wollok/interpreter/WollokInterpreter$3 done
Event: 5.700 loading class java/util/IdentityHashMap$KeyIterator
Event: 5.700 loading class java/util/IdentityHashMap$KeyIterator done
Event: 5.700 Thread 0x000002237c713000 Thread added: 0x000002237c713000
Event: 5.700 Thread 0x000002237c94e000 Thread added: 0x000002237c94e000
Event: 5.701 Thread 0x000002237c713000 Thread exited: 0x000002237c713000
Event: 5.717 Thread 0x000002237c94e000 Thread exited: 0x000002237c94e000
Event: 5.717 Executing VM operation: Exit


Dynamic libraries:
0x00007ff799590000 - 0x00007ff7995e1000 	C:\Program Files\Eclipse Adoptium\jre-8.0.412.8-hotspot\bin\javaw.exe
0x00007ffb593b0000 - 0x00007ffb595c7000 	C:\WINDOWS\SYSTEM32\ntdll.dll
0x00007ffb57de0000 - 0x00007ffb57ea4000 	C:\WINDOWS\System32\KERNEL32.DLL
0x00007ffb56960000 - 0x00007ffb56d0c000 	C:\WINDOWS\System32\KERNELBASE.dll
0x00007ffb59150000 - 0x00007ffb59202000 	C:\WINDOWS\System32\ADVAPI32.dll
0x00007ffb571a0000 - 0x00007ffb57247000 	C:\WINDOWS\System32\msvcrt.dll
0x00007ffb57b80000 - 0x00007ffb57c2a000 	C:\WINDOWS\System32\sechost.dll
0x00007ffb56760000 - 0x00007ffb56788000 	C:\WINDOWS\System32\bcrypt.dll
0x00007ffb58330000 - 0x00007ffb58445000 	C:\WINDOWS\System32\RPCRT4.dll
0x00007ffb57f10000 - 0x00007ffb580be000 	C:\WINDOWS\System32\USER32.dll
0x00007ffb56d10000 - 0x00007ffb56d36000 	C:\WINDOWS\System32\win32u.dll
0x00007ffb58270000 - 0x00007ffb58299000 	C:\WINDOWS\System32\GDI32.dll
0x00007ffb56fd0000 - 0x00007ffb570e9000 	C:\WINDOWS\System32\gdi32full.dll
0x00007ffb56800000 - 0x00007ffb5689a000 	C:\WINDOWS\System32\msvcp_win.dll
0x00007ffb56d40000 - 0x00007ffb56e51000 	C:\WINDOWS\System32\ucrtbase.dll
0x00007ffb411f0000 - 0x00007ffb41483000 	C:\WINDOWS\WinSxS\amd64_microsoft.windows.common-controls_6595b64144ccf1df_6.0.22621.3672_none_2713b9d173822955\COMCTL32.dll
0x00007ffb58450000 - 0x00007ffb58481000 	C:\WINDOWS\System32\IMM32.DLL
0x00007ffb3ad00000 - 0x00007ffb3ad15000 	C:\Program Files\Eclipse Adoptium\jre-8.0.412.8-hotspot\bin\vcruntime140.dll
0x00007ffb23940000 - 0x00007ffb239db000 	C:\Program Files\Eclipse Adoptium\jre-8.0.412.8-hotspot\bin\msvcp140.dll
0x000000006c2c0000 - 0x000000006cb19000 	C:\Program Files\Eclipse Adoptium\jre-8.0.412.8-hotspot\bin\server\jvm.dll
0x00007ffb570f0000 - 0x00007ffb570f8000 	C:\WINDOWS\System32\PSAPI.DLL
0x00007ffb4f880000 - 0x00007ffb4f8b4000 	C:\WINDOWS\SYSTEM32\WINMM.dll
0x00007ffb4d5f0000 - 0x00007ffb4d5fa000 	C:\WINDOWS\SYSTEM32\VERSION.dll
0x00007ffb4faa0000 - 0x00007ffb4faa9000 	C:\WINDOWS\SYSTEM32\WSOCK32.dll
0x00007ffb58ec0000 - 0x00007ffb58f31000 	C:\WINDOWS\System32\WS2_32.dll
0x00007ffb55710000 - 0x00007ffb55728000 	C:\WINDOWS\SYSTEM32\kernel.appcore.dll
0x00007ffb4fa00000 - 0x00007ffb4fa10000 	C:\Program Files\Eclipse Adoptium\jre-8.0.412.8-hotspot\bin\verify.dll
0x00007ffb4d350000 - 0x00007ffb4d37b000 	C:\Program Files\Eclipse Adoptium\jre-8.0.412.8-hotspot\bin\java.dll
0x00007ffb4dbc0000 - 0x00007ffb4dbd8000 	C:\Program Files\Eclipse Adoptium\jre-8.0.412.8-hotspot\bin\zip.dll
0x00007ffb58650000 - 0x00007ffb58eac000 	C:\WINDOWS\System32\SHELL32.dll
0x00007ffb54630000 - 0x00007ffb54f27000 	C:\WINDOWS\SYSTEM32\windows.storage.dll
0x00007ffb576f0000 - 0x00007ffb57a78000 	C:\WINDOWS\System32\combase.dll
0x00007ffb544f0000 - 0x00007ffb5462f000 	C:\WINDOWS\SYSTEM32\wintypes.dll
0x00007ffb57a80000 - 0x00007ffb57b74000 	C:\WINDOWS\System32\SHCORE.dll
0x00007ffb59040000 - 0x00007ffb5909e000 	C:\WINDOWS\System32\shlwapi.dll
0x00007ffb56610000 - 0x00007ffb56631000 	C:\WINDOWS\SYSTEM32\profapi.dll
0x0000000065580000 - 0x0000000065616000 	C:\Users\camil\AppData\Local\Temp\libgdxcamil\12dfaa03\gdx64.dll
0x00007ffb55df0000 - 0x00007ffb55e0b000 	C:\WINDOWS\SYSTEM32\CRYPTSP.dll
0x00007ffb55670000 - 0x00007ffb556a5000 	C:\WINDOWS\system32\rsaenh.dll
0x00007ffb55c80000 - 0x00007ffb55ca8000 	C:\WINDOWS\SYSTEM32\USERENV.dll
0x00007ffb566e0000 - 0x00007ffb5675b000 	C:\WINDOWS\System32\bcryptprimitives.dll
0x00007ffb55de0000 - 0x00007ffb55dec000 	C:\WINDOWS\SYSTEM32\CRYPTBASE.dll
0x00007ffb4d330000 - 0x00007ffb4d34c000 	C:\Program Files\Eclipse Adoptium\jre-8.0.412.8-hotspot\bin\net.dll
0x00007ffb55b80000 - 0x00007ffb55be9000 	C:\WINDOWS\system32\mswsock.dll
0x00007ffb55190000 - 0x00007ffb551bd000 	C:\WINDOWS\SYSTEM32\IPHLPAPI.DLL
0x00007ffb582a0000 - 0x00007ffb582a9000 	C:\WINDOWS\System32\NSI.dll
0x00007ffb4fc60000 - 0x00007ffb4fc79000 	C:\WINDOWS\SYSTEM32\dhcpcsvc6.DLL
0x00007ffb4f640000 - 0x00007ffb4f65f000 	C:\WINDOWS\SYSTEM32\dhcpcsvc.DLL
0x00007ffb55200000 - 0x00007ffb552f8000 	C:\WINDOWS\SYSTEM32\DNSAPI.dll
0x00007ffb4d310000 - 0x00007ffb4d323000 	C:\Program Files\Eclipse Adoptium\jre-8.0.412.8-hotspot\bin\nio.dll
0x0000000180000000 - 0x0000000180053000 	C:\Users\camil\AppData\Local\Temp\libgdxcamil\dc0f0009\lwjgl64.dll
0x00007ffb239f0000 - 0x00007ffb23af0000 	C:\WINDOWS\SYSTEM32\OPENGL32.dll
0x00007ffb4dad0000 - 0x00007ffb4dafd000 	C:\WINDOWS\SYSTEM32\GLU32.dll
0x00007ffb53960000 - 0x00007ffb53999000 	C:\WINDOWS\SYSTEM32\dxcore.dll
0x000002237f680000 - 0x000002237f6e4000 	C:\Users\camil\AppData\Local\Temp\libgdxcamil\dc0f0009\OpenAL64.dll
0x00007ffb57c30000 - 0x00007ffb57dd5000 	C:\WINDOWS\System32\ole32.dll
0x00007ffb53870000 - 0x00007ffb5391a000 	C:\WINDOWS\system32\uxtheme.dll
0x00007ffb590a0000 - 0x00007ffb59150000 	C:\WINDOWS\System32\clbcatq.dll
0x00007ffb2fbf0000 - 0x00007ffb2fc92000 	C:\WINDOWS\SYSTEM32\dsound.dll
0x00007ffb563f0000 - 0x00007ffb5643d000 	C:\WINDOWS\SYSTEM32\powrprof.dll
0x00007ffb4a8b0000 - 0x00007ffb4a8d9000 	C:\WINDOWS\SYSTEM32\winmmbase.dll
0x00007ffb24b00000 - 0x00007ffb24bb1000 	C:\WINDOWS\SYSTEM32\ResampleDmo.DLL
0x00007ffb59290000 - 0x00007ffb59367000 	C:\WINDOWS\System32\OLEAUT32.dll
0x00007ffb523b0000 - 0x00007ffb523bb000 	C:\WINDOWS\SYSTEM32\msdmo.dll
0x00007ffb563d0000 - 0x00007ffb563e3000 	C:\WINDOWS\SYSTEM32\UMPDC.dll
0x00007ffb4e420000 - 0x00007ffb4e4bd000 	C:\WINDOWS\System32\MMDevApi.dll
0x00007ffb56310000 - 0x00007ffb5633c000 	C:\WINDOWS\System32\DEVOBJ.dll
0x00007ffb56340000 - 0x00007ffb5638e000 	C:\WINDOWS\SYSTEM32\cfgmgr32.dll
0x00007ffb42d30000 - 0x00007ffb42f1c000 	C:\WINDOWS\SYSTEM32\AUDIOSES.DLL
0x00007ffb53d10000 - 0x00007ffb53d25000 	C:\WINDOWS\SYSTEM32\resourcepolicyclient.dll
0x00007ffb523d0000 - 0x00007ffb5248c000 	C:\WINDOWS\SYSTEM32\mscms.dll
0x00007ffb35ec0000 - 0x00007ffb35f0e000 	C:\Windows\System32\Windows.Internal.Graphics.Display.DisplayColorManagement.dll
0x00007ffb580c0000 - 0x00007ffb58213000 	C:\WINDOWS\System32\MSCTF.dll
0x00007ffb39a20000 - 0x00007ffb39a69000 	C:\WINDOWS\SYSTEM32\directxdatabasehelper.dll
0x00007ffb4f740000 - 0x00007ffb4f87e000 	C:\Windows\System32\AppXDeploymentClient.dll
0x00007ffb08120000 - 0x00007ffb0907f000 	C:\WINDOWS\System32\DriverStore\FileRepository\iigd_dch.inf_amd64_bf22c341d1c71ba2\ig12icd64.dll
0x00007ffb53c90000 - 0x00007ffb53cbb000 	C:\WINDOWS\system32\dwmapi.dll
0x00007ffb53b80000 - 0x00007ffb53c77000 	C:\WINDOWS\system32\dxgi.dll
0x00007ffb1a180000 - 0x00007ffb1a576000 	C:\WINDOWS\System32\DriverStore\FileRepository\iigd_dch.inf_amd64_bf22c341d1c71ba2\igdml64.dll
0x00007ffb358b0000 - 0x00007ffb35be0000 	C:\WINDOWS\System32\DriverStore\FileRepository\iigd_dch.inf_amd64_bf22c341d1c71ba2\igdgmm64.dll
0x00007ffb32090000 - 0x00007ffb321dd000 	C:\WINDOWS\SYSTEM32\textinputframework.dll
0x00007ffb51620000 - 0x00007ffb51753000 	C:\WINDOWS\SYSTEM32\CoreMessaging.dll
0x00007ffb390d0000 - 0x00007ffb3943d000 	C:\WINDOWS\SYSTEM32\CoreUIComponents.dll
0x00007ffb1af40000 - 0x00007ffb1af89000 	C:\WINDOWS\SYSTEM32\icm32.dll
0x00007ffb32c00000 - 0x00007ffb357b3000 	C:\WINDOWS\System32\DriverStore\FileRepository\iigd_dch.inf_amd64_bf22c341d1c71ba2\igc64.dll
0x00007ffb54050000 - 0x00007ffb54282000 	C:\WINDOWS\SYSTEM32\dbghelp.dll

VM Arguments:
jvm_args: -Duser.language=es_AR -Dfile.encoding=UTF-8 
java_command: org.uqbar.project.wollok.launch.WollokLauncher -requestsPort 0 -eventsPort 0 -folder -dontValidate -coercingStrategy decimals -wf src/program.wpgm -darkMode
java_class_path (initial): C:\Users\camil\OneDrive\Escritorio\TPGameIntegrador-los-messias\bin;C:\Users\camil\OneDrive\Escritorio\wollok\plugins\com.ibm.icu_64.2.0.v20190507-1337.jar;C:\Users\camil\OneDrive\Escritorio\wollok\plugins\org.eclipse.xtext_2.20.0.v20191202-0915.jar;C:\Users\camil\OneDrive\Escritorio\wollok\plugins\org.eclipse.emf.ecore.xmi_2.16.0.v20190528-0725.jar;C:\Users\camil\OneDrive\Escritorio\wollok\plugins\org.eclipse.emf.ecore_2.20.0.v20190920-0401.jar;C:\Users\camil\OneDrive\Escritorio\wollok\plugins\org.eclipse.emf.common_2.17.0.v20190920-0401.jar;C:\Users\camil\OneDrive\Escritorio\wollok\plugins\org.antlr.runtime_3.2.0.v201101311130.jar;C:\Users\camil\OneDrive\Escritorio\wollok\plugins\com.google.inject_3.0.0.v201605172100.jar;C:\Users\camil\OneDrive\Escritorio\wollok\plugins\org.eclipse.emf.mwe.core_1.5.1.v20191121-1148.jar;C:\Users\camil\OneDrive\Escritorio\wollok\plugins\org.apache.commons.cli_1.2.0.v201404270220.jar;C:\Users\camil\OneDrive\Escritorio\wollok\plugins\org.eclipse.emf.mwe2.runtime_2.11.1.v20191121-1148.jar;C:\Users\camil\OneDrive\Escritorio\wollok\plugins\org.eclipse.emf.mwe.utils_1.5.1.v20191121-1148.jar;C:\Users\camil\OneDrive\Escritorio\wollok\plugins\org.eclipse.xtext.util_2.20.0.v20191202-0915.jar;C:\Users\camil\OneDrive\Escritorio\wollok\plugins\com.google.guava_27.1.0.v20190517-1946.jar;C:\Users\camil\OneDrive\Escritorio\wollok\plugins\javax.inject_1.0.0.v20091030.jar;C:\Users\camil\OneDrive\Escritorio\wollok\plugins\org.eclipse.xtext.generator_2.20.0.v20191202-0933.jar;C:\Users\camil\OneDrive\Escritorio\wollok\plugins\org.eclipse.xtext.xtext.generator_2.20.0.v20191202-0915.jar;C:\Users\camil\OneDrive\Escritorio\wollok\plugins\org.eclipse.xtext.xbase.lib_2.20.0.v20191202-0907.jar;C:\Users\camil\OneDrive\Escritorio\wollok\plugins\org.eclipse.emf.codegen.ecore_2.20.0.v20191012-0918.jar;C:\Users\camil\OneDrive\Escritorio\wollok\plugins\org.eclipse.emf.codegen_2.19.0.v20190821-1536.jar;C:\Users\camil\OneDrive\Escritorio\w
Launcher Type: SUN_STANDARD

Environment Variables:
PATH=C:/Program Files/Eclipse Adoptium/jre-8.0.412.8-hotspot/bin/server;C:/Program Files/Eclipse Adoptium/jre-8.0.412.8-hotspot/bin;C:/Program Files/Eclipse Adoptium/jre-8.0.412.8-hotspot/lib/amd64;C:\Program Files\Eclipse Adoptium\jre-8.0.412.8-hotspot\bin;C:\WINDOWS\system32;C:\WINDOWS;C:\WINDOWS\System32\Wbem;C:\WINDOWS\System32\WindowsPowerShell\v1.0\;C:\WINDOWS\System32\OpenSSH\;C:\Program Files\Git\cmd;C:\Users\camil\AppData\Local\Programs\Python\Launcher\;C:\Users\camil\AppData\Local\Microsoft\WindowsApps;C:\Users\camil\AppData\Local\Programs\Microsoft VS Code\bin;C:\Users\camil\OneDrive\Escritorio\wollok;
USERNAME=camil
OS=Windows_NT
PROCESSOR_IDENTIFIER=Intel64 Family 6 Model 140 Stepping 1, GenuineIntel



---------------  S Y S T E M  ---------------

OS: Windows 11 , 64 bit Build 22621 (10.0.22621.3672)

CPU:total 8 (initial active 8) (4 cores per cpu, 2 threads per core) family 6 model 140 stepping 1, cmov, cx8, fxsr, mmx, sse, sse2, sse3, ssse3, sse4.1, sse4.2, popcnt, avx, avx2, aes, clmul, erms, 3dnowpref, lzcnt, ht, tsc, tscinvbit, bmi1, bmi2, adx

Memory: 4k page, physical 8124820k(1547540k free), swap 13220104k(2407264k free)

vm_info: OpenJDK 64-Bit Server VM (25.412-b08) for windows-amd64 JRE (1.8.0_412-b08), built on Apr 17 2024 02:10:30 by "jenkins" with MS VC++ 15.9 (VS2017)

time: Sat Jun 22 10:21:21 2024
timezone: Hora estándar de Argentina
elapsed time: 5.764020 seconds (0d 0h 0m 5s)

