#
# A fatal error has been detected by the Java Runtime Environment:
#
#  EXCEPTION_ACCESS_VIOLATION (0xc0000005) at pc=0x00007ffb081bf78b, pid=11340, tid=0x00000000000034bc
#
# JRE version: OpenJDK Runtime Environment (8.0_412-b08) (build 1.8.0_412-b08)
# Java VM: OpenJDK 64-Bit Server VM (25.412-b08 mixed mode windows-amd64 compressed oops)
# Problematic frame:
# C  [ig12icd64.dll+0x9f78b]
#
# Failed to write core dump. Minidumps are not enabled by default on client versions of Windows
#
# If you would like to submit a bug report, please visit:
#   https://github.com/adoptium/adoptium-support/issues
#

---------------  T H R E A D  ---------------

Current thread (0x00000202a08fc000):  VMThread [stack: 0x000000bb8c000000,0x000000bb8c100000] [id=13500]

siginfo: ExceptionCode=0xc0000005, reading address 0x00000000000353c8

Registers:
RAX=0x00000202a5f46150, RBX=0x00000202a5b01740, RCX=0x0000000000000000, RDX=0x00000202a5f46150
RSP=0x000000bb8c0fe0c0, RBP=0x000000bb8c0fe1c0, RSI=0x00000202a5f46598, RDI=0x00000202a381c350
R8 =0x0000000000000000, R9 =0x0000000000000000, R10=0x0000000000000000, R11=0x0000000000000246
R12=0x00000202a5f46080, R13=0x0000000000000000, R14=0x00000202a5f46080, R15=0x0000000000000000
RIP=0x00007ffb081bf78b, EFLAGS=0x0000000000010206

Top of Stack: (sp=0x000000bb8c0fe0c0)
0x000000bb8c0fe0c0:   00000202a5b01740 0000000000000000
0x000000bb8c0fe0d0:   0000000000000000 0000000000000000
0x000000bb8c0fe0e0:   0000001665000000 7d4b02b7c046023a
0x000000bb8c0fe0f0:   0000000000000000 00000202a5f45af0
0x000000bb8c0fe100:   656402de616402e6 cd6f02bc006f02e4
0x000000bb8c0fe110:   00000202a5b01740 517d02ce627b02c1
0x000000bb8c0fe120:   228402714a8002ab 2f920294288b02b5
0x000000bb8c0fe130:   64a002d4eb9f0293 9faa02b9a9a402de
0x000000bb8c0fe140:   51af02ba04ab02ce a9bb02bfc7b502dd
0x000000bb8c0fe150:   1dd102f831bf02e4 b3e802f5d9e102cf
0x000000bb8c0fe160:   d6ef02e9d2ea0221 000a02c191fe02ba
0x000000bb8c0fe170:   00b4114b00000140 00902c68028f3563
0x000000bb8c0fe180:   0278d79802005d8a 00cfada502c9a79f
0x000000bb8c0fe190:   012864f301e099ce 0141000200eda3f4
0x000000bb8c0fe1a0:   33d901d3d1370000 00000142000102d5
0x000000bb8c0fe1b0:   014300020288812b 72d4007cecc00000 

Instructions: (pc=0x00007ffb081bf78b)
0x00007ffb081bf76b:   00 83 f9 10 0f 83 cd 07 00 00 8b c1 48 c1 e0 06
0x00007ffb081bf77b:   48 03 c2 48 85 c0 0f 84 2f 08 00 00 4c 8b 40 08
0x00007ffb081bf78b:   4d 3b 85 c8 53 03 00 0f 87 ac 0e 00 00 49 83 be
0x00007ffb081bf79b:   70 05 00 00 00 0f 85 35 ee 88 00 44 8b 8f d0 01 


Register to memory mapping:

RAX=0x00000202a5f46150 is an unknown value
RBX=0x00000202a5b01740 is an unknown value
RCX=0x0000000000000000 is an unknown value
RDX=0x00000202a5f46150 is an unknown value
RSP=0x000000bb8c0fe0c0 is an unknown value
RBP=0x000000bb8c0fe1c0 is an unknown value
RSI=0x00000202a5f46598 is an unknown value
RDI=0x00000202a381c350 is an unknown value
R8 =0x0000000000000000 is an unknown value
R9 =0x0000000000000000 is an unknown value
R10=0x0000000000000000 is an unknown value
R11=0x0000000000000246 is an unknown value
R12=0x00000202a5f46080 is an unknown value
R13=0x0000000000000000 is an unknown value
R14=0x00000202a5f46080 is an unknown value
R15=0x0000000000000000 is an unknown value


Stack: [0x000000bb8c000000,0x000000bb8c100000],  sp=0x000000bb8c0fe0c0,  free space=1016k
Native frames: (J=compiled Java code, j=interpreted, Vv=VM code, C=native code)
C  [ig12icd64.dll+0x9f78b]
C  [ig12icd64.dll+0x96e5b]
C  [ig12icd64.dll+0x9413c]
C  [ig12icd64.dll+0x1b4394]
C  [ig12icd64.dll+0xc38c1]
C  [ig12icd64.dll+0x949b57]
C  [ig12icd64.dll+0xbbd3d]
C  [ig12icd64.dll+0xbbb74]
C  [ig12icd64.dll+0x72302b]
C  [ntdll.dll+0x28b7f]
C  [ntdll.dll+0x51586]
C  [ntdll.dll+0x5117d]
C  [KERNEL32.DLL+0x17fab]
C  [ucrtbase.dll+0x1bed8]
C  [ucrtbase.dll+0x1c099]
V  [jvm.dll+0x1e8ed5]
V  [jvm.dll+0x224616]
V  [jvm.dll+0x224bb4]
V  [jvm.dll+0x223174]
V  [jvm.dll+0x22394f]
V  [jvm.dll+0x223c54]
V  [jvm.dll+0x26d4fc]
C  [ucrtbase.dll+0x29333]
C  [KERNEL32.DLL+0x1257d]
C  [ntdll.dll+0x5af28]

VM_Operation (0x000000bb8b7fecf0): Exit, mode: safepoint, requested by thread 0x000002028a808000


---------------  P R O C E S S  ---------------

Java Threads: ( => current thread )
  0x00000202a5f3c000 JavaThread "LWJGL Timer" daemon [_thread_blocked, id=17620, stack(0x000000bb8d300000,0x000000bb8d400000)]
  0x00000202a3763000 JavaThread "com.google.inject.internal.util.$Finalizer" daemon [_thread_blocked, id=16424, stack(0x000000bb8cc00000,0x000000bb8cd00000)]
  0x00000202a322d000 JavaThread "EMF Reference Cleaner" daemon [_thread_blocked, id=13596, stack(0x000000bb8cb00000,0x000000bb8cc00000)]
  0x00000202a2810800 JavaThread "Service Thread" daemon [_thread_blocked, id=5904, stack(0x000000bb8c900000,0x000000bb8ca00000)]
  0x00000202a0975000 JavaThread "C1 CompilerThread3" daemon [_thread_blocked, id=6996, stack(0x000000bb8c800000,0x000000bb8c900000)]
  0x00000202a0960000 JavaThread "C2 CompilerThread2" daemon [_thread_blocked, id=9820, stack(0x000000bb8c700000,0x000000bb8c800000)]
  0x00000202a095e000 JavaThread "C2 CompilerThread1" daemon [_thread_blocked, id=18192, stack(0x000000bb8c600000,0x000000bb8c700000)]
  0x00000202a0963000 JavaThread "C2 CompilerThread0" daemon [_thread_blocked, id=6340, stack(0x000000bb8c500000,0x000000bb8c600000)]
  0x00000202a0958000 JavaThread "Attach Listener" daemon [_thread_blocked, id=12440, stack(0x000000bb8c400000,0x000000bb8c500000)]
  0x00000202a0955000 JavaThread "Signal Dispatcher" daemon [_thread_blocked, id=6764, stack(0x000000bb8c300000,0x000000bb8c400000)]
  0x00000202a0931800 JavaThread "Finalizer" daemon [_thread_blocked, id=14716, stack(0x000000bb8c200000,0x000000bb8c300000)]
  0x00000202a0929800 JavaThread "Reference Handler" daemon [_thread_blocked, id=6840, stack(0x000000bb8c100000,0x000000bb8c200000)]
  0x000002028a808000 JavaThread "main" [_thread_blocked, id=17884, stack(0x000000bb8b700000,0x000000bb8b800000)]

Other Threads:
=>0x00000202a08fc000 VMThread [stack: 0x000000bb8c000000,0x000000bb8c100000] [id=13500]

VM state:at safepoint (shutting down)

VM Mutex/Monitor currently owned by a thread:  ([mutex/lock_event])
[0x000002028a8047c0] Threads_lock - owner thread: 0x00000202a08fc000

heap address: 0x0000000084000000, size: 1984 MB, Compressed Oops mode: 32-bit
Narrow klass base: 0x0000000000000000, Narrow klass shift: 3
Compressed class space size: 1073741824 Address: 0x0000000100000000

Heap:
 PSYoungGen      total 132096K, used 49123K [0x00000000d6b00000, 0x00000000df100000, 0x0000000100000000)
  eden space 126976K, 38% used [0x00000000d6b00000,0x00000000d9af8cb8,0x00000000de700000)
  from space 5120K, 0% used [0x00000000dec00000,0x00000000dec00000,0x00000000df100000)
  to   space 5120K, 0% used [0x00000000de700000,0x00000000de700000,0x00000000dec00000)
 ParOldGen       total 91648K, used 23678K [0x0000000084000000, 0x0000000089980000, 0x00000000d6b00000)
  object space 91648K, 25% used [0x0000000084000000,0x000000008571f9b0,0x0000000089980000)
 Metaspace       used 24351K, capacity 24683K, committed 24832K, reserved 1071104K
  class space    used 2925K, capacity 3030K, committed 3072K, reserved 1048576K

Card table byte_map: [0x000002029b630000,0x000002029ba20000] byte_map_base: 0x000002029b210000

Marking Bits: (ParMarkBitMap*) 0x000000006caa0830
 Begin Bits: [0x000002029bcc0000, 0x000002029dbc0000)
 End Bits:   [0x000002029dbc0000, 0x000002029fac0000)

Polling page: 0x000002028c240000

CodeCache: size=245760Kb used=12010Kb max_used=12025Kb free=233749Kb
 bounds [0x000002028c270000, 0x000002028ce40000, 0x000002029b270000]
 total_blobs=4371 nmethods=3772 adapters=510
 compilation: enabled

Compilation events (10 events):
Event: 5.018 Thread 0x00000202a0975000 3773       3       java.nio.ByteBuffer::hasArray (20 bytes)
Event: 5.018 Thread 0x00000202a0975000 nmethod 3773 0x000002028ce27510 code [0x000002028ce27660, 0x000002028ce27858]
Event: 5.018 Thread 0x00000202a0975000 3774   !   3       java.nio.CharBuffer::wrap (20 bytes)
Event: 5.019 Thread 0x00000202a0975000 nmethod 3774 0x000002028ce2f5d0 code [0x000002028ce2f760, 0x000002028ce2fb40]
Event: 5.019 Thread 0x00000202a0975000 3775       3       java.nio.CharBuffer::array (35 bytes)
Event: 5.019 Thread 0x00000202a0975000 nmethod 3775 0x000002028ce2efd0 code [0x000002028ce2f160, 0x000002028ce2f480]
Event: 5.019 Thread 0x00000202a0975000 3776       3       sun.nio.cs.UTF_8::access$200 (8 bytes)
Event: 5.019 Thread 0x00000202a0975000 nmethod 3776 0x000002028ce2e790 code [0x000002028ce2e920, 0x000002028ce2edc0]
Event: 5.019 Thread 0x00000202a0975000 3777       3       sun.nio.cs.UTF_8::updatePositions (23 bytes)
Event: 5.019 Thread 0x00000202a0975000 nmethod 3777 0x000002028ce2e050 code [0x000002028ce2e1e0, 0x000002028ce2e620]

GC Heap History (10 events):
Event: 0.392 GC heap before
{Heap before GC invocations=1 (full 0):
 PSYoungGen      total 36864K, used 31744K [0x00000000d6b00000, 0x00000000d9400000, 0x0000000100000000)
  eden space 31744K, 100% used [0x00000000d6b00000,0x00000000d8a00000,0x00000000d8a00000)
  from space 5120K, 0% used [0x00000000d8f00000,0x00000000d8f00000,0x00000000d9400000)
  to   space 5120K, 0% used [0x00000000d8a00000,0x00000000d8a00000,0x00000000d8f00000)
 ParOldGen       total 84992K, used 0K [0x0000000084000000, 0x0000000089300000, 0x00000000d6b00000)
  object space 84992K, 0% used [0x0000000084000000,0x0000000084000000,0x0000000089300000)
 Metaspace       used 7215K, capacity 7390K, committed 7552K, reserved 1056768K
  class space    used 791K, capacity 869K, committed 896K, reserved 1048576K
Event: 0.396 GC heap after
Heap after GC invocations=1 (full 0):
 PSYoungGen      total 36864K, used 5102K [0x00000000d6b00000, 0x00000000db300000, 0x0000000100000000)
  eden space 31744K, 0% used [0x00000000d6b00000,0x00000000d6b00000,0x00000000d8a00000)
  from space 5120K, 99% used [0x00000000d8a00000,0x00000000d8efb970,0x00000000d8f00000)
  to   space 5120K, 0% used [0x00000000dae00000,0x00000000dae00000,0x00000000db300000)
 ParOldGen       total 84992K, used 3288K [0x0000000084000000, 0x0000000089300000, 0x00000000d6b00000)
  object space 84992K, 3% used [0x0000000084000000,0x00000000843361a8,0x0000000089300000)
 Metaspace       used 7215K, capacity 7390K, committed 7552K, reserved 1056768K
  class space    used 791K, capacity 869K, committed 896K, reserved 1048576K
}
Event: 0.621 GC heap before
{Heap before GC invocations=2 (full 0):
 PSYoungGen      total 36864K, used 36846K [0x00000000d6b00000, 0x00000000db300000, 0x0000000100000000)
  eden space 31744K, 100% used [0x00000000d6b00000,0x00000000d8a00000,0x00000000d8a00000)
  from space 5120K, 99% used [0x00000000d8a00000,0x00000000d8efb970,0x00000000d8f00000)
  to   space 5120K, 0% used [0x00000000dae00000,0x00000000dae00000,0x00000000db300000)
 ParOldGen       total 84992K, used 3288K [0x0000000084000000, 0x0000000089300000, 0x00000000d6b00000)
  object space 84992K, 3% used [0x0000000084000000,0x00000000843361a8,0x0000000089300000)
 Metaspace       used 10164K, capacity 10320K, committed 10624K, reserved 1058816K
  class space    used 1213K, capacity 1288K, committed 1408K, reserved 1048576K
Event: 0.627 GC heap after
Heap after GC invocations=2 (full 0):
 PSYoungGen      total 68608K, used 5094K [0x00000000d6b00000, 0x00000000db300000, 0x0000000100000000)
  eden space 63488K, 0% used [0x00000000d6b00000,0x00000000d6b00000,0x00000000da900000)
  from space 5120K, 99% used [0x00000000dae00000,0x00000000db2f9b68,0x00000000db300000)
  to   space 5120K, 0% used [0x00000000da900000,0x00000000da900000,0x00000000dae00000)
 ParOldGen       total 84992K, used 10761K [0x0000000084000000, 0x0000000089300000, 0x00000000d6b00000)
  object space 84992K, 12% used [0x0000000084000000,0x0000000084a827b0,0x0000000089300000)
 Metaspace       used 10164K, capacity 10320K, committed 10624K, reserved 1058816K
  class space    used 1213K, capacity 1288K, committed 1408K, reserved 1048576K
}
Event: 1.205 GC heap before
{Heap before GC invocations=3 (full 0):
 PSYoungGen      total 68608K, used 68582K [0x00000000d6b00000, 0x00000000db300000, 0x0000000100000000)
  eden space 63488K, 100% used [0x00000000d6b00000,0x00000000da900000,0x00000000da900000)
  from space 5120K, 99% used [0x00000000dae00000,0x00000000db2f9b68,0x00000000db300000)
  to   space 5120K, 0% used [0x00000000da900000,0x00000000da900000,0x00000000dae00000)
 ParOldGen       total 84992K, used 10761K [0x0000000084000000, 0x0000000089300000, 0x00000000d6b00000)
  object space 84992K, 12% used [0x0000000084000000,0x0000000084a827b0,0x0000000089300000)
 Metaspace       used 16976K, capacity 17202K, committed 17408K, reserved 1064960K
  class space    used 2142K, capacity 2227K, committed 2304K, reserved 1048576K
Event: 1.212 GC heap after
Heap after GC invocations=3 (full 0):
 PSYoungGen      total 68608K, used 5097K [0x00000000d6b00000, 0x00000000df100000, 0x0000000100000000)
  eden space 63488K, 0% used [0x00000000d6b00000,0x00000000d6b00000,0x00000000da900000)
  from space 5120K, 99% used [0x00000000da900000,0x00000000dadfa698,0x00000000dae00000)
  to   space 5120K, 0% used [0x00000000dec00000,0x00000000dec00000,0x00000000df100000)
 ParOldGen       total 84992K, used 23811K [0x0000000084000000, 0x0000000089300000, 0x00000000d6b00000)
  object space 84992K, 28% used [0x0000000084000000,0x0000000085740c08,0x0000000089300000)
 Metaspace       used 16976K, capacity 17202K, committed 17408K, reserved 1064960K
  class space    used 2142K, capacity 2227K, committed 2304K, reserved 1048576K
}
Event: 1.868 GC heap before
{Heap before GC invocations=4 (full 0):
 PSYoungGen      total 68608K, used 48785K [0x00000000d6b00000, 0x00000000df100000, 0x0000000100000000)
  eden space 63488K, 68% used [0x00000000d6b00000,0x00000000d95aa140,0x00000000da900000)
  from space 5120K, 99% used [0x00000000da900000,0x00000000dadfa698,0x00000000dae00000)
  to   space 5120K, 0% used [0x00000000dec00000,0x00000000dec00000,0x00000000df100000)
 ParOldGen       total 84992K, used 23811K [0x0000000084000000, 0x0000000089300000, 0x00000000d6b00000)
  object space 84992K, 28% used [0x0000000084000000,0x0000000085740c08,0x0000000089300000)
 Metaspace       used 20837K, capacity 21118K, committed 21248K, reserved 1067008K
  class space    used 2649K, capacity 2735K, committed 2816K, reserved 1048576K
Event: 1.876 GC heap after
Heap after GC invocations=4 (full 0):
 PSYoungGen      total 132096K, used 5088K [0x00000000d6b00000, 0x00000000df100000, 0x0000000100000000)
  eden space 126976K, 0% used [0x00000000d6b00000,0x00000000d6b00000,0x00000000de700000)
  from space 5120K, 99% used [0x00000000dec00000,0x00000000df0f82b0,0x00000000df100000)
  to   space 5120K, 0% used [0x00000000de700000,0x00000000de700000,0x00000000dec00000)
 ParOldGen       total 84992K, used 28546K [0x0000000084000000, 0x0000000089300000, 0x00000000d6b00000)
  object space 84992K, 33% used [0x0000000084000000,0x0000000085be08e8,0x0000000089300000)
 Metaspace       used 20837K, capacity 21118K, committed 21248K, reserved 1067008K
  class space    used 2649K, capacity 2735K, committed 2816K, reserved 1048576K
}
Event: 1.876 GC heap before
{Heap before GC invocations=5 (full 1):
 PSYoungGen      total 132096K, used 5088K [0x00000000d6b00000, 0x00000000df100000, 0x0000000100000000)
  eden space 126976K, 0% used [0x00000000d6b00000,0x00000000d6b00000,0x00000000de700000)
  from space 5120K, 99% used [0x00000000dec00000,0x00000000df0f82b0,0x00000000df100000)
  to   space 5120K, 0% used [0x00000000de700000,0x00000000de700000,0x00000000dec00000)
 ParOldGen       total 84992K, used 28546K [0x0000000084000000, 0x0000000089300000, 0x00000000d6b00000)
  object space 84992K, 33% used [0x0000000084000000,0x0000000085be08e8,0x0000000089300000)
 Metaspace       used 20837K, capacity 21118K, committed 21248K, reserved 1067008K
  class space    used 2649K, capacity 2735K, committed 2816K, reserved 1048576K
Event: 1.932 GC heap after
Heap after GC invocations=5 (full 1):
 PSYoungGen      total 132096K, used 0K [0x00000000d6b00000, 0x00000000df100000, 0x0000000100000000)
  eden space 126976K, 0% used [0x00000000d6b00000,0x00000000d6b00000,0x00000000de700000)
  from space 5120K, 0% used [0x00000000dec00000,0x00000000dec00000,0x00000000df100000)
  to   space 5120K, 0% used [0x00000000de700000,0x00000000de700000,0x00000000dec00000)
 ParOldGen       total 91648K, used 23678K [0x0000000084000000, 0x0000000089980000, 0x00000000d6b00000)
  object space 91648K, 25% used [0x0000000084000000,0x000000008571f9b0,0x0000000089980000)
 Metaspace       used 20837K, capacity 21118K, committed 21248K, reserved 1067008K
  class space    used 2649K, capacity 2735K, committed 2816K, reserved 1048576K
}

Deoptimization events (10 events):
Event: 2.032 Thread 0x000002028a808000 Uncommon trap: reason=unstable_if action=reinterpret pc=0x000002028c5ccaec method=java.io.WinNTFileSystem.normalize(Ljava/lang/String;)Ljava/lang/String; @ 49
Event: 2.048 Thread 0x000002028a808000 Uncommon trap: reason=predicate action=maybe_recompile pc=0x000002028c6d1894 method=java.lang.String.regionMatches(ZILjava/lang/String;II)Z @ 63
Event: 2.157 Thread 0x000002028a808000 Uncommon trap: reason=unstable_if action=reinterpret pc=0x000002028c4bca90 method=sun.nio.cs.UTF_8$Encoder.encode([CII[B)I @ 33
Event: 2.417 Thread 0x00000202a3fb8000 Uncommon trap: reason=unstable_if action=reinterpret pc=0x000002028c60f670 method=java.lang.ThreadLocal$ThreadLocalMap.getEntry(Ljava/lang/ThreadLocal;)Ljava/lang/ThreadLocal$ThreadLocalMap$Entry; @ 29
Event: 2.419 Thread 0x00000202a3fb8000 Uncommon trap: reason=unstable_if action=reinterpret pc=0x000002028cc31a6c method=java.lang.ThreadLocal$ThreadLocalMap.getEntry(Ljava/lang/ThreadLocal;)Ljava/lang/ThreadLocal$ThreadLocalMap$Entry; @ 29
Event: 2.419 Thread 0x00000202a3fb8000 Uncommon trap: reason=unstable_if action=reinterpret pc=0x000002028c4b9948 method=java.lang.ThreadLocal$ThreadLocalMap.getEntry(Ljava/lang/ThreadLocal;)Ljava/lang/ThreadLocal$ThreadLocalMap$Entry; @ 29
Event: 2.419 Thread 0x00000202a3fb8000 Uncommon trap: reason=unstable_if action=reinterpret pc=0x000002028c4ba29c method=java.lang.ThreadLocal$ThreadLocalMap.getEntry(Ljava/lang/ThreadLocal;)Ljava/lang/ThreadLocal$ThreadLocalMap$Entry; @ 29
Event: 2.567 Thread 0x00000202a3fb8000 Uncommon trap: reason=unstable_if action=reinterpret pc=0x000002028ccf2a28 method=java.lang.Integer.parseInt(Ljava/lang/String;I)I @ 122
Event: 4.947 Thread 0x00000202a3fb8000 Uncommon trap: reason=unstable_if action=reinterpret pc=0x000002028cd164c0 method=org.uqbar.project.wollok.model.WMethodContainerExtensions.matches(Lorg/uqbar/project/wollok/wollokDsl/WMethodDeclaration;Ljava/lang/String;IZ)Z @ 130
Event: 5.017 Thread 0x00000202a3fb8000 Uncommon trap: reason=unstable_if action=reinterpret pc=0x000002028cde8bc8 method=java.util.HashMap$HashIterator.<init>(Ljava/util/HashMap;)V @ 45

Classes redefined (0 events):
No events

Internal exceptions (10 events):
Event: 1.821 Thread 0x000002028a808000 Exception <a 'java/lang/reflect/InvocationTargetException'> (0x00000000d9059240) thrown at [C:\workspace\openjdk-build\workspace\build\src\hotspot\src\share\vm\runtime\reflection.cpp, line 1092]
Event: 1.823 Thread 0x000002028a808000 Exception <a 'java/lang/reflect/InvocationTargetException'> (0x00000000d909b240) thrown at [C:\workspace\openjdk-build\workspace\build\src\hotspot\src\share\vm\runtime\reflection.cpp, line 1092]
Event: 1.825 Thread 0x000002028a808000 Exception <a 'java/lang/reflect/InvocationTargetException'> (0x00000000d90b7628) thrown at [C:\workspace\openjdk-build\workspace\build\src\hotspot\src\share\vm\runtime\reflection.cpp, line 1092]
Event: 1.826 Thread 0x000002028a808000 Exception <a 'java/lang/reflect/InvocationTargetException'> (0x00000000d90d6288) thrown at [C:\workspace\openjdk-build\workspace\build\src\hotspot\src\share\vm\runtime\reflection.cpp, line 1092]
Event: 2.182 Thread 0x000002028a808000 Exception <a 'java/security/PrivilegedActionException'> (0x00000000d7a11fa8) thrown at [C:\workspace\openjdk-build\workspace\build\src\hotspot\src\share\vm\prims\jvm.cpp, line 1514]
Event: 2.182 Thread 0x000002028a808000 Exception <a 'java/security/PrivilegedActionException'> (0x00000000d7a134d8) thrown at [C:\workspace\openjdk-build\workspace\build\src\hotspot\src\share\vm\prims\jvm.cpp, line 1514]
Event: 2.182 Thread 0x000002028a808000 Exception <a 'java/security/PrivilegedActionException'> (0x00000000d7a14908) thrown at [C:\workspace\openjdk-build\workspace\build\src\hotspot\src\share\vm\prims\jvm.cpp, line 1514]
Event: 2.182 Thread 0x000002028a808000 Exception <a 'java/security/PrivilegedActionException'> (0x00000000d7a15fc8) thrown at [C:\workspace\openjdk-build\workspace\build\src\hotspot\src\share\vm\prims\jvm.cpp, line 1514]
Event: 2.182 Thread 0x000002028a808000 Exception <a 'java/security/PrivilegedActionException'> (0x00000000d7a173c0) thrown at [C:\workspace\openjdk-build\workspace\build\src\hotspot\src\share\vm\prims\jvm.cpp, line 1514]
Event: 2.182 Thread 0x000002028a808000 Exception <a 'java/security/PrivilegedActionException'> (0x00000000d7a18788) thrown at [C:\workspace\openjdk-build\workspace\build\src\hotspot\src\share\vm\prims\jvm.cpp, line 1514]

Events (10 events):
Event: 5.018 Thread 0x00000202a3fb8000 Thread exited: 0x00000202a3fb8000
Event: 5.019 loading class org/uqbar/project/wollok/interpreter/WollokInterpreter$3
Event: 5.019 loading class org/uqbar/project/wollok/interpreter/WollokInterpreter$3 done
Event: 5.019 loading class java/util/IdentityHashMap$KeyIterator
Event: 5.019 loading class java/util/IdentityHashMap$KeyIterator done
Event: 5.019 Thread 0x00000202a3fb8000 Thread added: 0x00000202a3fb8000
Event: 5.019 Thread 0x00000202a5f0d800 Thread added: 0x00000202a5f0d800
Event: 5.020 Thread 0x00000202a3fb8000 Thread exited: 0x00000202a3fb8000
Event: 5.043 Thread 0x00000202a5f0d800 Thread exited: 0x00000202a5f0d800
Event: 5.043 Executing VM operation: Exit


Dynamic libraries:
0x00007ff799590000 - 0x00007ff7995e1000 	C:\Program Files\Eclipse Adoptium\jre-8.0.412.8-hotspot\bin\javaw.exe
0x00007ffb593b0000 - 0x00007ffb595c7000 	C:\WINDOWS\SYSTEM32\ntdll.dll
0x00007ffb57de0000 - 0x00007ffb57ea4000 	C:\WINDOWS\System32\KERNEL32.DLL
0x00007ffb56960000 - 0x00007ffb56d0c000 	C:\WINDOWS\System32\KERNELBASE.dll
0x00007ffb59150000 - 0x00007ffb59202000 	C:\WINDOWS\System32\ADVAPI32.dll
0x00007ffb571a0000 - 0x00007ffb57247000 	C:\WINDOWS\System32\msvcrt.dll
0x00007ffb57b80000 - 0x00007ffb57c2a000 	C:\WINDOWS\System32\sechost.dll
0x00007ffb56760000 - 0x00007ffb56788000 	C:\WINDOWS\System32\bcrypt.dll
0x00007ffb58330000 - 0x00007ffb58445000 	C:\WINDOWS\System32\RPCRT4.dll
0x00007ffb57f10000 - 0x00007ffb580be000 	C:\WINDOWS\System32\USER32.dll
0x00007ffb56d10000 - 0x00007ffb56d36000 	C:\WINDOWS\System32\win32u.dll
0x00007ffb58270000 - 0x00007ffb58299000 	C:\WINDOWS\System32\GDI32.dll
0x00007ffb56fd0000 - 0x00007ffb570e9000 	C:\WINDOWS\System32\gdi32full.dll
0x00007ffb56800000 - 0x00007ffb5689a000 	C:\WINDOWS\System32\msvcp_win.dll
0x00007ffb56d40000 - 0x00007ffb56e51000 	C:\WINDOWS\System32\ucrtbase.dll
0x00007ffb411f0000 - 0x00007ffb41483000 	C:\WINDOWS\WinSxS\amd64_microsoft.windows.common-controls_6595b64144ccf1df_6.0.22621.3672_none_2713b9d173822955\COMCTL32.dll
0x00007ffb58450000 - 0x00007ffb58481000 	C:\WINDOWS\System32\IMM32.DLL
0x00007ffb3ad00000 - 0x00007ffb3ad15000 	C:\Program Files\Eclipse Adoptium\jre-8.0.412.8-hotspot\bin\vcruntime140.dll
0x00007ffb23940000 - 0x00007ffb239db000 	C:\Program Files\Eclipse Adoptium\jre-8.0.412.8-hotspot\bin\msvcp140.dll
0x000000006c2c0000 - 0x000000006cb19000 	C:\Program Files\Eclipse Adoptium\jre-8.0.412.8-hotspot\bin\server\jvm.dll
0x00007ffb570f0000 - 0x00007ffb570f8000 	C:\WINDOWS\System32\PSAPI.DLL
0x00007ffb4faa0000 - 0x00007ffb4faa9000 	C:\WINDOWS\SYSTEM32\WSOCK32.dll
0x00007ffb58ec0000 - 0x00007ffb58f31000 	C:\WINDOWS\System32\WS2_32.dll
0x00007ffb4f880000 - 0x00007ffb4f8b4000 	C:\WINDOWS\SYSTEM32\WINMM.dll
0x00007ffb4d5f0000 - 0x00007ffb4d5fa000 	C:\WINDOWS\SYSTEM32\VERSION.dll
0x00007ffb55710000 - 0x00007ffb55728000 	C:\WINDOWS\SYSTEM32\kernel.appcore.dll
0x00007ffb4fa00000 - 0x00007ffb4fa10000 	C:\Program Files\Eclipse Adoptium\jre-8.0.412.8-hotspot\bin\verify.dll
0x00007ffb4d350000 - 0x00007ffb4d37b000 	C:\Program Files\Eclipse Adoptium\jre-8.0.412.8-hotspot\bin\java.dll
0x00007ffb4dbc0000 - 0x00007ffb4dbd8000 	C:\Program Files\Eclipse Adoptium\jre-8.0.412.8-hotspot\bin\zip.dll
0x00007ffb58650000 - 0x00007ffb58eac000 	C:\WINDOWS\System32\SHELL32.dll
0x00007ffb54630000 - 0x00007ffb54f27000 	C:\WINDOWS\SYSTEM32\windows.storage.dll
0x00007ffb576f0000 - 0x00007ffb57a78000 	C:\WINDOWS\System32\combase.dll
0x00007ffb544f0000 - 0x00007ffb5462f000 	C:\WINDOWS\SYSTEM32\wintypes.dll
0x00007ffb57a80000 - 0x00007ffb57b74000 	C:\WINDOWS\System32\SHCORE.dll
0x00007ffb59040000 - 0x00007ffb5909e000 	C:\WINDOWS\System32\shlwapi.dll
0x00007ffb56610000 - 0x00007ffb56631000 	C:\WINDOWS\SYSTEM32\profapi.dll
0x0000000065580000 - 0x0000000065616000 	C:\Users\camil\AppData\Local\Temp\libgdxcamil\12dfaa03\gdx64.dll
0x00007ffb55df0000 - 0x00007ffb55e0b000 	C:\WINDOWS\SYSTEM32\CRYPTSP.dll
0x00007ffb55670000 - 0x00007ffb556a5000 	C:\WINDOWS\system32\rsaenh.dll
0x00007ffb55c80000 - 0x00007ffb55ca8000 	C:\WINDOWS\SYSTEM32\USERENV.dll
0x00007ffb566e0000 - 0x00007ffb5675b000 	C:\WINDOWS\System32\bcryptprimitives.dll
0x00007ffb55de0000 - 0x00007ffb55dec000 	C:\WINDOWS\SYSTEM32\CRYPTBASE.dll
0x00007ffb4d330000 - 0x00007ffb4d34c000 	C:\Program Files\Eclipse Adoptium\jre-8.0.412.8-hotspot\bin\net.dll
0x00007ffb55b80000 - 0x00007ffb55be9000 	C:\WINDOWS\system32\mswsock.dll
0x00007ffb55190000 - 0x00007ffb551bd000 	C:\WINDOWS\SYSTEM32\IPHLPAPI.DLL
0x00007ffb582a0000 - 0x00007ffb582a9000 	C:\WINDOWS\System32\NSI.dll
0x00007ffb4fc60000 - 0x00007ffb4fc79000 	C:\WINDOWS\SYSTEM32\dhcpcsvc6.DLL
0x00007ffb4f640000 - 0x00007ffb4f65f000 	C:\WINDOWS\SYSTEM32\dhcpcsvc.DLL
0x00007ffb55200000 - 0x00007ffb552f8000 	C:\WINDOWS\SYSTEM32\DNSAPI.dll
0x00007ffb4d310000 - 0x00007ffb4d323000 	C:\Program Files\Eclipse Adoptium\jre-8.0.412.8-hotspot\bin\nio.dll
0x0000000180000000 - 0x0000000180053000 	C:\Users\camil\AppData\Local\Temp\libgdxcamil\dc0f0009\lwjgl64.dll
0x00007ffb1a7a0000 - 0x00007ffb1a8a0000 	C:\WINDOWS\SYSTEM32\OPENGL32.dll
0x00007ffb4dad0000 - 0x00007ffb4dafd000 	C:\WINDOWS\SYSTEM32\GLU32.dll
0x00007ffb53960000 - 0x00007ffb53999000 	C:\WINDOWS\SYSTEM32\dxcore.dll
0x00000202a7410000 - 0x00000202a7474000 	C:\Users\camil\AppData\Local\Temp\libgdxcamil\dc0f0009\OpenAL64.dll
0x00007ffb57c30000 - 0x00007ffb57dd5000 	C:\WINDOWS\System32\ole32.dll
0x00007ffb53870000 - 0x00007ffb5391a000 	C:\WINDOWS\system32\uxtheme.dll
0x00007ffb590a0000 - 0x00007ffb59150000 	C:\WINDOWS\System32\clbcatq.dll
0x00007ffb2fbf0000 - 0x00007ffb2fc92000 	C:\WINDOWS\SYSTEM32\dsound.dll
0x00007ffb563f0000 - 0x00007ffb5643d000 	C:\WINDOWS\SYSTEM32\powrprof.dll
0x00007ffb23880000 - 0x00007ffb23931000 	C:\WINDOWS\SYSTEM32\ResampleDmo.DLL
0x00007ffb4a8b0000 - 0x00007ffb4a8d9000 	C:\WINDOWS\SYSTEM32\winmmbase.dll
0x00007ffb59290000 - 0x00007ffb59367000 	C:\WINDOWS\System32\OLEAUT32.dll
0x00007ffb523b0000 - 0x00007ffb523bb000 	C:\WINDOWS\SYSTEM32\msdmo.dll
0x00007ffb563d0000 - 0x00007ffb563e3000 	C:\WINDOWS\SYSTEM32\UMPDC.dll
0x00007ffb4e420000 - 0x00007ffb4e4bd000 	C:\WINDOWS\System32\MMDevApi.dll
0x00007ffb56310000 - 0x00007ffb5633c000 	C:\WINDOWS\System32\DEVOBJ.dll
0x00007ffb56340000 - 0x00007ffb5638e000 	C:\WINDOWS\SYSTEM32\cfgmgr32.dll
0x00007ffb42d30000 - 0x00007ffb42f1c000 	C:\WINDOWS\SYSTEM32\AUDIOSES.DLL
0x00007ffb53d10000 - 0x00007ffb53d25000 	C:\WINDOWS\SYSTEM32\resourcepolicyclient.dll
0x00007ffb523d0000 - 0x00007ffb5248c000 	C:\WINDOWS\SYSTEM32\mscms.dll
0x00007ffb35ec0000 - 0x00007ffb35f0e000 	C:\Windows\System32\Windows.Internal.Graphics.Display.DisplayColorManagement.dll
0x00007ffb580c0000 - 0x00007ffb58213000 	C:\WINDOWS\System32\MSCTF.dll
0x00007ffb39a20000 - 0x00007ffb39a69000 	C:\WINDOWS\SYSTEM32\directxdatabasehelper.dll
0x00007ffb4f740000 - 0x00007ffb4f87e000 	C:\Windows\System32\AppXDeploymentClient.dll
0x00007ffb08120000 - 0x00007ffb0907f000 	C:\WINDOWS\System32\DriverStore\FileRepository\iigd_dch.inf_amd64_bf22c341d1c71ba2\ig12icd64.dll
0x00007ffb53c90000 - 0x00007ffb53cbb000 	C:\WINDOWS\system32\dwmapi.dll
0x00007ffb53b80000 - 0x00007ffb53c77000 	C:\WINDOWS\system32\dxgi.dll
0x00007ffb1a180000 - 0x00007ffb1a576000 	C:\WINDOWS\System32\DriverStore\FileRepository\iigd_dch.inf_amd64_bf22c341d1c71ba2\igdml64.dll
0x00007ffb358b0000 - 0x00007ffb35be0000 	C:\WINDOWS\System32\DriverStore\FileRepository\iigd_dch.inf_amd64_bf22c341d1c71ba2\igdgmm64.dll
0x00007ffb32090000 - 0x00007ffb321dd000 	C:\WINDOWS\SYSTEM32\textinputframework.dll
0x00007ffb51620000 - 0x00007ffb51753000 	C:\WINDOWS\SYSTEM32\CoreMessaging.dll
0x00007ffb390d0000 - 0x00007ffb3943d000 	C:\WINDOWS\SYSTEM32\CoreUIComponents.dll
0x00007ffb1af40000 - 0x00007ffb1af89000 	C:\WINDOWS\SYSTEM32\icm32.dll
0x00007ffb32c00000 - 0x00007ffb357b3000 	C:\WINDOWS\System32\DriverStore\FileRepository\iigd_dch.inf_amd64_bf22c341d1c71ba2\igc64.dll
0x00007ffb54050000 - 0x00007ffb54282000 	C:\WINDOWS\SYSTEM32\dbghelp.dll

VM Arguments:
jvm_args: -Duser.language=es_AR -Dfile.encoding=UTF-8 
java_command: org.uqbar.project.wollok.launch.WollokLauncher -requestsPort 0 -eventsPort 0 -folder -dontValidate -coercingStrategy decimals -wf src/program.wpgm -darkMode
java_class_path (initial): C:\Users\camil\OneDrive\Escritorio\TPGameIntegrador-los-messias\bin;C:\Users\camil\OneDrive\Escritorio\wollok\plugins\com.ibm.icu_64.2.0.v20190507-1337.jar;C:\Users\camil\OneDrive\Escritorio\wollok\plugins\org.eclipse.xtext_2.20.0.v20191202-0915.jar;C:\Users\camil\OneDrive\Escritorio\wollok\plugins\org.eclipse.emf.ecore.xmi_2.16.0.v20190528-0725.jar;C:\Users\camil\OneDrive\Escritorio\wollok\plugins\org.eclipse.emf.ecore_2.20.0.v20190920-0401.jar;C:\Users\camil\OneDrive\Escritorio\wollok\plugins\org.eclipse.emf.common_2.17.0.v20190920-0401.jar;C:\Users\camil\OneDrive\Escritorio\wollok\plugins\org.antlr.runtime_3.2.0.v201101311130.jar;C:\Users\camil\OneDrive\Escritorio\wollok\plugins\com.google.inject_3.0.0.v201605172100.jar;C:\Users\camil\OneDrive\Escritorio\wollok\plugins\org.eclipse.emf.mwe.core_1.5.1.v20191121-1148.jar;C:\Users\camil\OneDrive\Escritorio\wollok\plugins\org.apache.commons.cli_1.2.0.v201404270220.jar;C:\Users\camil\OneDrive\Escritorio\wollok\plugins\org.eclipse.emf.mwe2.runtime_2.11.1.v20191121-1148.jar;C:\Users\camil\OneDrive\Escritorio\wollok\plugins\org.eclipse.emf.mwe.utils_1.5.1.v20191121-1148.jar;C:\Users\camil\OneDrive\Escritorio\wollok\plugins\org.eclipse.xtext.util_2.20.0.v20191202-0915.jar;C:\Users\camil\OneDrive\Escritorio\wollok\plugins\com.google.guava_27.1.0.v20190517-1946.jar;C:\Users\camil\OneDrive\Escritorio\wollok\plugins\javax.inject_1.0.0.v20091030.jar;C:\Users\camil\OneDrive\Escritorio\wollok\plugins\org.eclipse.xtext.generator_2.20.0.v20191202-0933.jar;C:\Users\camil\OneDrive\Escritorio\wollok\plugins\org.eclipse.xtext.xtext.generator_2.20.0.v20191202-0915.jar;C:\Users\camil\OneDrive\Escritorio\wollok\plugins\org.eclipse.xtext.xbase.lib_2.20.0.v20191202-0907.jar;C:\Users\camil\OneDrive\Escritorio\wollok\plugins\org.eclipse.emf.codegen.ecore_2.20.0.v20191012-0918.jar;C:\Users\camil\OneDrive\Escritorio\wollok\plugins\org.eclipse.emf.codegen_2.19.0.v20190821-1536.jar;C:\Users\camil\OneDrive\Escritorio\w
Launcher Type: SUN_STANDARD

Environment Variables:
PATH=C:/Program Files/Eclipse Adoptium/jre-8.0.412.8-hotspot/bin/server;C:/Program Files/Eclipse Adoptium/jre-8.0.412.8-hotspot/bin;C:/Program Files/Eclipse Adoptium/jre-8.0.412.8-hotspot/lib/amd64;C:\Program Files\Eclipse Adoptium\jre-8.0.412.8-hotspot\bin;C:\WINDOWS\system32;C:\WINDOWS;C:\WINDOWS\System32\Wbem;C:\WINDOWS\System32\WindowsPowerShell\v1.0\;C:\WINDOWS\System32\OpenSSH\;C:\Program Files\Git\cmd;C:\Users\camil\AppData\Local\Programs\Python\Launcher\;C:\Users\camil\AppData\Local\Microsoft\WindowsApps;C:\Users\camil\AppData\Local\Programs\Microsoft VS Code\bin;C:\Users\camil\OneDrive\Escritorio\wollok;
USERNAME=camil
OS=Windows_NT
PROCESSOR_IDENTIFIER=Intel64 Family 6 Model 140 Stepping 1, GenuineIntel



---------------  S Y S T E M  ---------------

OS: Windows 11 , 64 bit Build 22621 (10.0.22621.3672)

CPU:total 8 (initial active 8) (4 cores per cpu, 2 threads per core) family 6 model 140 stepping 1, cmov, cx8, fxsr, mmx, sse, sse2, sse3, ssse3, sse4.1, sse4.2, popcnt, avx, avx2, aes, clmul, erms, 3dnowpref, lzcnt, ht, tsc, tscinvbit, bmi1, bmi2, adx

Memory: 4k page, physical 8124820k(977684k free), swap 13949772k(2325968k free)

vm_info: OpenJDK 64-Bit Server VM (25.412-b08) for windows-amd64 JRE (1.8.0_412-b08), built on Apr 17 2024 02:10:30 by "jenkins" with MS VC++ 15.9 (VS2017)

time: Sat Jun 22 10:20:09 2024
timezone: Hora estándar de Argentina
elapsed time: 5.084025 seconds (0d 0h 0m 5s)

